Arguments: 
  /nix/store/njh6p007ymbmcgas5l7sqqxfmm394zx1-nodejs-18.15.0/bin/node /root/.nix-profile/bin/yarn install

PATH: 
  /root/rivet/ee/target/debug:/root/rivet/ee/target/release:/nix/store/rnzr5gb65b4f5xk7dmljk93km9wpsll6-bash-interactive-5.2-p15/bin:/nix/store/95cxzy2hpizr23343b8bskl4yacf4b3l-python3-3.10.11/bin:/nix/store/ywwjpdyhar4f3vcqf4qk77vrbr3vj5wl-patchelf-0.15.0/bin:/nix/store/7wkshj58fcsl1f3zyi67qsxgl1p8nki1-gcc-wrapper-12.2.0/bin:/nix/store/dcd1zhv56rk0d2z7akzfjgzr076c4jl9-gcc-12.2.0/bin:/nix/store/lyvhsvwp2pzy74fkcn7qbs5vcgy5d7vl-glibc-2.37-8-bin/bin:/nix/store/ahkfdxq8mcpsb5kvdvgqr1wv8zjngbh4-coreutils-9.1/bin:/nix/store/rbwalnmk5a6nj9mbldxzmj11gvacbrsi-binutils-wrapper-2.40/bin:/nix/store/22p5nv7fbxhm06mfkwwnibv1nsz06x4b-binutils-2.40/bin:/nix/store/kd1k6pxi5f6i9fviifhwkr8n013a55xb-k3d-5.4.4/bin:/nix/store/7p45r1h2fzkp4gv4ilky92vxhjfnbv05-kubectl-1.27.1/bin:/nix/store/1y7j55f883l1n6n1k8njilfvhang2473-kubernetes-helm-3.11.3/bin:/nix/store/g044pvzvs5c5ifvla9smyf76yis5vg88-awscli2-2.11.20/bin:/nix/store/5p9k3m2xf3zv6lxzrk69kbl7ph3zf49f-python3.10-distro-1.8.0/bin:/nix/store/0jzsa5xz40zjswfijggla7w8s2m14r97-python3.10-docutils-0.19/bin:/nix/store/684bnp1igmcdwcl8s7wxly0mw2cz9mvi-groff-1.22.4/bin:/nix/store/rrgqac6d3zj9ggh8j79p5vkqp30f2w6d-less-608/bin:/nix/store/9rxgjyaj1njjrm305san7sccnl1ab4hf-python3.10-rsa-4.9/bin:/nix/store/wl4fy4mbd1z5h0gbl9r4q4lf5hc40ic2-python3.10-jmespath-1.0.1/bin:/nix/store/b6ik2xnqnrgz6gbx420gq4p0if3v2w73-terraform-1.4.6/bin:/nix/store/pdlfyp58m3rlwibwfsyf45q01ylmznhh-cloc-1.96/bin:/nix/store/nkfn58xv8nzp0r67izyhhmsr39v8ksjh-curl-8.0.1-dev/bin:/nix/store/f15rvn9j4g93b2gd5jvhrszargl0j007-brotli-1.0.9/bin:/nix/store/m9vssg00klfyyffi6qnvk0hgkd714vad-libkrb5-1.20.1-dev/bin:/nix/store/4k4zg4jjg0icwv530vl9ick22r887d9m-libkrb5-1.20.1/bin:/nix/store/va385h5vli8jwpi534drdxnb0ilwlzwf-nghttp2-1.51.0-bin/bin:/nix/store/xasyqgjm54pq8w2d520smdsgfr3fdmpg-libidn2-2.3.4-bin/bin:/nix/store/126jncr3cfwdvqmzkx3296sibcpag3x8-openssl-3.0.8-bin/bin:/nix/store/7b2kg5i0fs4fsw6cp3r94gdndizirga9-zstd-1.5.5-bin/bin:/nix/store/hw1z8z2dshq759cgxggvn6dg3h8bdlcn-zstd-1.5.5/bin:/nix/store/0xyi7w3cm3g7gzwfpwqzx0n7xks2sdc6-curl-8.0.1-bin/bin:/nix/store/b9xp0s9f91sdv9csgi8ky3fmmkydd58c-docker-20.10.23/bin:/nix/store/naabcr94jsxrd39c5w94sxf4wg5kamdj-git-lfs-3.3.0/bin:/nix/store/25w69905py9pjf89i2x0sm6589fmrizv-go-migrate-4.15.2/bin:/nix/store/s9j08pc615ii5z8rln2yjarsc9zf7q04-jq-1.6-bin/bin:/nix/store/s1xnsm86dy195fr4i4n984ivakrvjv9d-openssh-9.3p1/bin:/nix/store/czrrap8sqkkplqj6j8b8r97jca7zfcbm-postgresql-14.8/bin:/nix/store/nnmfw7z062j9bwwi945qzac769f6yhzg-nodejs-20.2.0/bin:/nix/store/gq55kag0vp3rzyz5a73r71f64yc87pc4-python3.10-detect-secrets-1.4.0/bin:/nix/store/0xb0za44qaa74b2fzdgxpg3v5zc5d0r3-python3.10-gibberish-detector-0.1.1/bin:/nix/store/8v28q4mag3s4dba9fphxzgs6snhxg231-python3.10-charset-normalizer-3.0.1/bin:/nix/store/4pk431ywfvw0k926blzwncnp699z3vh5-clang-wrapper-11.1.0/bin:/nix/store/a1bf9m79xr32a55idbbjbjpylp1xphag-clang-11.1.0/bin:/nix/store/yhw6xjfl2x44nkhn1628nk2q2bgzhb8x-binutils-wrapper-2.40/bin:/nix/store/axg65w0cs7cs9y3jwvp5r35v36kcjjnz-llvm-11.1.0-dev/bin:/nix/store/9jmgsy8bll4ya21v4yvv96mr2ky1cc52-ncurses-6.4-dev/bin:/nix/store/4g9phbpakh51bbw2n391vipz9r5z56kw-ncurses-6.4/bin:/nix/store/axh023wfx7ijlvl4a3rs9bw05x9k9mg7-llvm-11.1.0/bin:/nix/store/7w2n11y3ywzkhx5kk4nff79lzc0dm7v8-lld-11.1.0/bin:/nix/store/09jbh8y3jbq0gs47793rzn6i7yaabxmp-pkg-config-wrapper-0.29.2/bin:/nix/store/r42igcns4iha19h26r0wclb3ss5lvpcj-rust-1.83.0-2024-11-26-90b35a623/bin:/nix/store/rirxz9khcfg554kxwq7iw9fpifa2z3q7-protobuf-3.21.12/bin:/nix/store/kbcrs84s1x8yd5bp1nq6q6ihda8nd2lp-bash-interactive-5.2-p15/bin:/nix/store/1dm5yvxvbm954z5j1lh08y1i6bqw8ipx-go-task-3.24.0/bin:/nix/store/8a1h2icgqrhhg7g4c0w0d85s430ihq1k-libressl-3.7.2-nc/bin:/nix/store/m877x4smb0ay04n1hhyr6qcbr263z4vm-clang-11.1.0-dev/bin:/nix/store/dlhyf1n0vwa0kgm24dsqs5qq5hld6pny-foundationdb-7.1.30/bin:/nix/store/gsvxrriqkq5i8anzcd9ql7x7znhal5cd-compiler-rt-libc-11.1.0/bin:/nix/store/ahkfdxq8mcpsb5kvdvgqr1wv8zjngbh4-coreutils-9.1/bin:/nix/store/4qrbfa42xyicny7vlgbbqxz07kcsjbx2-findutils-4.9.0/bin:/nix/store/6bcqajyagcc4s3azx0zqnb3rqxd7gdnv-diffutils-3.9/bin:/nix/store/gy82r5cf12hgkmhzifsyx3fp6cnf6j2l-gnused-4.9/bin:/nix/store/zrls4w5lxynqakh1jlrp03kg4bxzp9yi-gnugrep-3.7/bin:/nix/store/s3yl3l8na93v53k2cfsyz0jrb50bnk8n-gawk-5.2.1/bin:/nix/store/czy796d2241296bdy45w87cmaiig50zr-gnutar-1.34/bin:/nix/store/hdbb5ayyrz1b5hicbsb4am8vin0xxxg6-gzip-1.12/bin:/nix/store/hd573q7097cxj5q29pnc3z0rvakz7ga3-bzip2-1.0.8-bin/bin:/nix/store/nnis9ph3wj866bbs0lalbf22i5bq8yry-gnumake-4.4.1/bin:/nix/store/rhvbjmcfnkg8i2dxpzr114cp1ws7f667-bash-5.2-p15/bin:/nix/store/x4ckkjsxfl4ihl82v0bzsyxs4ay2d5b5-patch-2.7.6/bin:/nix/store/8xjzmhw6hgqmynb5f1v7aw2lvafij405-xz-5.4.3-bin/bin:/nix/store/lcjsmsxqwd4vkq2wj5mmbyjzny3i6k49-file-5.44/bin:/root/.deno/bin:/root/.deno/bin:/nix/store/qs7j7r5jcvn6ijvdccjnnc7qjqpfgd0l-nodejs-20.11.1/bin:/root/.local/bin:/root/.nix-profile/bin:/nix/var/nix/profiles/default/bin:/nix/store/njh6p007ymbmcgas5l7sqqxfmm394zx1-nodejs-18.15.0/bin:/root/.local/bin:/root/.cargo/bin:/root/.nix-profile/bin:/nix/var/nix/profiles/default/bin:/usr/local/sbin:/usr/local/bin:/usr/sbin:/usr/bin:/sbin:/bin:/root/.vector/bin

Yarn version: 
  1.22.19

Node version: 
  18.15.0

Platform: 
  linux x64

Trace: 
  Error: ENOENT: no such file or directory, open '/usr/local/share/.cache/yarn/v6/npm-event-target-shim-5.0.1-5d4d3ebdf9583d63a5333ce2deb7480ab2b05789-integrity/node_modules/event-target-shim/.yarn-tarball.tgz'

npm manifest: 
  {
    "name": "@rivet-gg/api-full",
    "version": "24.1.0",
    "private": false,
    "repository": "https://github.com/rivet-gg/rivet/tree/main/sdks/typescript",
    "files": [
      "dist",
      "types",
      "core.d.ts",
      "serialization.d.ts"
    ],
    "exports": {
      ".": {
        "node": "./dist/node/index.js",
        "import": "./dist/browser/esm/index.js",
        "require": "./dist/browser/cjs/index.js",
        "default": "./dist/browser/cjs/index.js",
        "types": "./types/index.d.ts"
      },
      "./core": {
        "node": "./dist/node/core.js",
        "import": "./dist/browser/esm/core.js",
        "require": "./dist/browser/cjs/core.js",
        "default": "./dist/browser/cjs/core.js",
        "types": "./types/core/index.d.ts"
      },
      "./serialization": {
        "node": "./dist/node/serialization.js",
        "import": "./dist/browser/esm/serialization.js",
        "require": "./dist/browser/cjs/serialization.js",
        "default": "./dist/browser/cjs/serialization.js",
        "types": "./types/serialization/index.d.ts"
      }
    },
    "types": "./types/index.d.ts",
    "scripts": {
      "format": "prettier --write 'src/**/*.ts'",
      "compile": "tsc",
      "bundle": "node build.js",
      "build": "yarn compile && yarn bundle",
      "prepack": "yarn run build"
    },
    "dependencies": {
      "form-data": "^4.0.0",
      "js-base64": "^3.7.5",
      "node-fetch": "2",
      "qs": "^6.11.2",
      "readable-stream": "^4.5.2",
      "url-join": "^5.0.0"
    },
    "devDependencies": {
      "@types/node": "17.0.33",
      "@types/node-fetch": "2.6.11",
      "@types/qs": "6.9.8",
      "@types/readable-stream": "^4.0.18",
      "@types/url-join": "4.0.1",
      "esbuild": "^0.19.11",
      "prettier": "2.7.1",
      "typescript": "4.6.4"
    },
    "packageManager": "yarn@1.22.22+sha1.ac34549e6aa8e7ead463a7407e1c7390f61a6610"
  }

yarn manifest: 
  No manifest

Lockfile: 
  # THIS IS AN AUTOGENERATED FILE. DO NOT EDIT THIS FILE DIRECTLY.
  # yarn lockfile v1
  
  
  "@esbuild/aix-ppc64@0.19.11":
    version "0.19.11"
    resolved "https://registry.yarnpkg.com/@esbuild/aix-ppc64/-/aix-ppc64-0.19.11.tgz#2acd20be6d4f0458bc8c784103495ff24f13b1d3"
    integrity sha512-FnzU0LyE3ySQk7UntJO4+qIiQgI7KoODnZg5xzXIrFJlKd2P2gwHsHY4927xj9y5PJmJSzULiUCWmv7iWnNa7g==
  
  "@esbuild/android-arm64@0.19.11":
    version "0.19.11"
    resolved "https://registry.yarnpkg.com/@esbuild/android-arm64/-/android-arm64-0.19.11.tgz#b45d000017385c9051a4f03e17078abb935be220"
    integrity sha512-aiu7K/5JnLj//KOnOfEZ0D90obUkRzDMyqd/wNAUQ34m4YUPVhRZpnqKV9uqDGxT7cToSDnIHsGooyIczu9T+Q==
  
  "@esbuild/android-arm@0.19.11":
    version "0.19.11"
    resolved "https://registry.yarnpkg.com/@esbuild/android-arm/-/android-arm-0.19.11.tgz#f46f55414e1c3614ac682b29977792131238164c"
    integrity sha512-5OVapq0ClabvKvQ58Bws8+wkLCV+Rxg7tUVbo9xu034Nm536QTII4YzhaFriQ7rMrorfnFKUsArD2lqKbFY4vw==
  
  "@esbuild/android-x64@0.19.11":
    version "0.19.11"
    resolved "https://registry.yarnpkg.com/@esbuild/android-x64/-/android-x64-0.19.11.tgz#bfc01e91740b82011ef503c48f548950824922b2"
    integrity sha512-eccxjlfGw43WYoY9QgB82SgGgDbibcqyDTlk3l3C0jOVHKxrjdc9CTwDUQd0vkvYg5um0OH+GpxYvp39r+IPOg==
  
  "@esbuild/darwin-arm64@0.19.11":
    version "0.19.11"
    resolved "https://registry.yarnpkg.com/@esbuild/darwin-arm64/-/darwin-arm64-0.19.11.tgz#533fb7f5a08c37121d82c66198263dcc1bed29bf"
    integrity sha512-ETp87DRWuSt9KdDVkqSoKoLFHYTrkyz2+65fj9nfXsaV3bMhTCjtQfw3y+um88vGRKRiF7erPrh/ZuIdLUIVxQ==
  
  "@esbuild/darwin-x64@0.19.11":
    version "0.19.11"
    resolved "https://registry.yarnpkg.com/@esbuild/darwin-x64/-/darwin-x64-0.19.11.tgz#62f3819eff7e4ddc656b7c6815a31cf9a1e7d98e"
    integrity sha512-fkFUiS6IUK9WYUO/+22omwetaSNl5/A8giXvQlcinLIjVkxwTLSktbF5f/kJMftM2MJp9+fXqZ5ezS7+SALp4g==
  
  "@esbuild/freebsd-arm64@0.19.11":
    version "0.19.11"
    resolved "https://registry.yarnpkg.com/@esbuild/freebsd-arm64/-/freebsd-arm64-0.19.11.tgz#d478b4195aa3ca44160272dab85ef8baf4175b4a"
    integrity sha512-lhoSp5K6bxKRNdXUtHoNc5HhbXVCS8V0iZmDvyWvYq9S5WSfTIHU2UGjcGt7UeS6iEYp9eeymIl5mJBn0yiuxA==
  
  "@esbuild/freebsd-x64@0.19.11":
    version "0.19.11"
    resolved "https://registry.yarnpkg.com/@esbuild/freebsd-x64/-/freebsd-x64-0.19.11.tgz#7bdcc1917409178257ca6a1a27fe06e797ec18a2"
    integrity sha512-JkUqn44AffGXitVI6/AbQdoYAq0TEullFdqcMY/PCUZ36xJ9ZJRtQabzMA+Vi7r78+25ZIBosLTOKnUXBSi1Kw==
  
  "@esbuild/linux-arm64@0.19.11":
    version "0.19.11"
    resolved "https://registry.yarnpkg.com/@esbuild/linux-arm64/-/linux-arm64-0.19.11.tgz#58ad4ff11685fcc735d7ff4ca759ab18fcfe4545"
    integrity sha512-LneLg3ypEeveBSMuoa0kwMpCGmpu8XQUh+mL8XXwoYZ6Be2qBnVtcDI5azSvh7vioMDhoJFZzp9GWp9IWpYoUg==
  
  "@esbuild/linux-arm@0.19.11":
    version "0.19.11"
    resolved "https://registry.yarnpkg.com/@esbuild/linux-arm/-/linux-arm-0.19.11.tgz#ce82246d873b5534d34de1e5c1b33026f35e60e3"
    integrity sha512-3CRkr9+vCV2XJbjwgzjPtO8T0SZUmRZla+UL1jw+XqHZPkPgZiyWvbDvl9rqAN8Zl7qJF0O/9ycMtjU67HN9/Q==
  
  "@esbuild/linux-ia32@0.19.11":
    version "0.19.11"
    resolved "https://registry.yarnpkg.com/@esbuild/linux-ia32/-/linux-ia32-0.19.11.tgz#cbae1f313209affc74b80f4390c4c35c6ab83fa4"
    integrity sha512-caHy++CsD8Bgq2V5CodbJjFPEiDPq8JJmBdeyZ8GWVQMjRD0sU548nNdwPNvKjVpamYYVL40AORekgfIubwHoA==
  
  "@esbuild/linux-loong64@0.19.11":
    version "0.19.11"
    resolved "https://registry.yarnpkg.com/@esbuild/linux-loong64/-/linux-loong64-0.19.11.tgz#5f32aead1c3ec8f4cccdb7ed08b166224d4e9121"
    integrity sha512-ppZSSLVpPrwHccvC6nQVZaSHlFsvCQyjnvirnVjbKSHuE5N24Yl8F3UwYUUR1UEPaFObGD2tSvVKbvR+uT1Nrg==
  
  "@esbuild/linux-mips64el@0.19.11":
    version "0.19.11"
    resolved "https://registry.yarnpkg.com/@esbuild/linux-mips64el/-/linux-mips64el-0.19.11.tgz#38eecf1cbb8c36a616261de858b3c10d03419af9"
    integrity sha512-B5x9j0OgjG+v1dF2DkH34lr+7Gmv0kzX6/V0afF41FkPMMqaQ77pH7CrhWeR22aEeHKaeZVtZ6yFwlxOKPVFyg==
  
  "@esbuild/linux-ppc64@0.19.11":
    version "0.19.11"
    resolved "https://registry.yarnpkg.com/@esbuild/linux-ppc64/-/linux-ppc64-0.19.11.tgz#9c5725a94e6ec15b93195e5a6afb821628afd912"
    integrity sha512-MHrZYLeCG8vXblMetWyttkdVRjQlQUb/oMgBNurVEnhj4YWOr4G5lmBfZjHYQHHN0g6yDmCAQRR8MUHldvvRDA==
  
  "@esbuild/linux-riscv64@0.19.11":
    version "0.19.11"
    resolved "https://registry.yarnpkg.com/@esbuild/linux-riscv64/-/linux-riscv64-0.19.11.tgz#2dc4486d474a2a62bbe5870522a9a600e2acb916"
    integrity sha512-f3DY++t94uVg141dozDu4CCUkYW+09rWtaWfnb3bqe4w5NqmZd6nPVBm+qbz7WaHZCoqXqHz5p6CM6qv3qnSSQ==
  
  "@esbuild/linux-s390x@0.19.11":
    version "0.19.11"
    resolved "https://registry.yarnpkg.com/@esbuild/linux-s390x/-/linux-s390x-0.19.11.tgz#4ad8567df48f7dd4c71ec5b1753b6f37561a65a8"
    integrity sha512-A5xdUoyWJHMMlcSMcPGVLzYzpcY8QP1RtYzX5/bS4dvjBGVxdhuiYyFwp7z74ocV7WDc0n1harxmpq2ePOjI0Q==
  
  "@esbuild/linux-x64@0.19.11":
    version "0.19.11"
    resolved "https://registry.yarnpkg.com/@esbuild/linux-x64/-/linux-x64-0.19.11.tgz#b7390c4d5184f203ebe7ddaedf073df82a658766"
    integrity sha512-grbyMlVCvJSfxFQUndw5mCtWs5LO1gUlwP4CDi4iJBbVpZcqLVT29FxgGuBJGSzyOxotFG4LoO5X+M1350zmPA==
  
  "@esbuild/netbsd-x64@0.19.11":
    version "0.19.11"
    resolved "https://registry.yarnpkg.com/@esbuild/netbsd-x64/-/netbsd-x64-0.19.11.tgz#d633c09492a1721377f3bccedb2d821b911e813d"
    integrity sha512-13jvrQZJc3P230OhU8xgwUnDeuC/9egsjTkXN49b3GcS5BKvJqZn86aGM8W9pd14Kd+u7HuFBMVtrNGhh6fHEQ==
  
  "@esbuild/openbsd-x64@0.19.11":
    version "0.19.11"
    resolved "https://registry.yarnpkg.com/@esbuild/openbsd-x64/-/openbsd-x64-0.19.11.tgz#17388c76e2f01125bf831a68c03a7ffccb65d1a2"
    integrity sha512-ysyOGZuTp6SNKPE11INDUeFVVQFrhcNDVUgSQVDzqsqX38DjhPEPATpid04LCoUr2WXhQTEZ8ct/EgJCUDpyNw==
  
  "@esbuild/sunos-x64@0.19.11":
    version "0.19.11"
    resolved "https://registry.yarnpkg.com/@esbuild/sunos-x64/-/sunos-x64-0.19.11.tgz#e320636f00bb9f4fdf3a80e548cb743370d41767"
    integrity sha512-Hf+Sad9nVwvtxy4DXCZQqLpgmRTQqyFyhT3bZ4F2XlJCjxGmRFF0Shwn9rzhOYRB61w9VMXUkxlBy56dk9JJiQ==
  
  "@esbuild/win32-arm64@0.19.11":
    version "0.19.11"
    resolved "https://registry.yarnpkg.com/@esbuild/win32-arm64/-/win32-arm64-0.19.11.tgz#c778b45a496e90b6fc373e2a2bb072f1441fe0ee"
    integrity sha512-0P58Sbi0LctOMOQbpEOvOL44Ne0sqbS0XWHMvvrg6NE5jQ1xguCSSw9jQeUk2lfrXYsKDdOe6K+oZiwKPilYPQ==
  
  "@esbuild/win32-ia32@0.19.11":
    version "0.19.11"
    resolved "https://registry.yarnpkg.com/@esbuild/win32-ia32/-/win32-ia32-0.19.11.tgz#481a65fee2e5cce74ec44823e6b09ecedcc5194c"
    integrity sha512-6YOrWS+sDJDmshdBIQU+Uoyh7pQKrdykdefC1avn76ss5c+RN6gut3LZA4E2cH5xUEp5/cA0+YxRaVtRAb0xBg==
  
  "@esbuild/win32-x64@0.19.11":
    version "0.19.11"
    resolved "https://registry.yarnpkg.com/@esbuild/win32-x64/-/win32-x64-0.19.11.tgz#a5d300008960bb39677c46bf16f53ec70d8dee04"
    integrity sha512-vfkhltrjCAb603XaFhqhAF4LGDi2M4OrCRrFusyQ+iTLQ/o60QQXxc9cZC/FFpihBI9N1Grn6SMKVJ4KP7Fuiw==
  
  "@types/node-fetch@2.6.11":
    version "2.6.11"
    resolved "https://registry.yarnpkg.com/@types/node-fetch/-/node-fetch-2.6.11.tgz#9b39b78665dae0e82a08f02f4967d62c66f95d24"
    integrity sha512-24xFj9R5+rfQJLRyM56qh+wnVSYhyXC2tkoBndtY0U+vubqNsYXGjufB2nn8Q6gt0LrARwL6UBtMCSVCwl4B1g==
    dependencies:
      "@types/node" "*"
      form-data "^4.0.0"
  
  "@types/node@*":
    version "22.1.0"
    resolved "https://registry.yarnpkg.com/@types/node/-/node-22.1.0.tgz#6d6adc648b5e03f0e83c78dc788c2b037d0ad94b"
    integrity sha512-AOmuRF0R2/5j1knA3c6G3HOk523Ga+l+ZXltX8SF1+5oqcXijjfTd8fY3XRZqSihEu9XhtQnKYLmkFaoxgsJHw==
    dependencies:
      undici-types "~6.13.0"
  
  "@types/node@17.0.33":
    version "17.0.33"
    resolved "https://registry.yarnpkg.com/@types/node/-/node-17.0.33.tgz#3c1879b276dc63e73030bb91165e62a4509cd506"
    integrity sha512-miWq2m2FiQZmaHfdZNcbpp9PuXg34W5JZ5CrJ/BaS70VuhoJENBEQybeiYSaPBRNq6KQGnjfEnc/F3PN++D+XQ==
  
  "@types/qs@6.9.8":
    version "6.9.8"
    resolved "https://registry.yarnpkg.com/@types/qs/-/qs-6.9.8.tgz#f2a7de3c107b89b441e071d5472e6b726b4adf45"
    integrity sha512-u95svzDlTysU5xecFNTgfFG5RUWu1A9P0VzgpcIiGZA9iraHOdSzcxMxQ55DyeRaGCSxQi7LxXDI4rzq/MYfdg==
  
  "@types/readable-stream@^4.0.18":
    version "4.0.18"
    resolved "https://registry.yarnpkg.com/@types/readable-stream/-/readable-stream-4.0.18.tgz#5d8d15d26c776500ce573cae580787d149823bfc"
    integrity sha512-21jK/1j+Wg+7jVw1xnSwy/2Q1VgVjWuFssbYGTREPUBeZ+rqVFl2udq0IkxzPC0ZhOzVceUbyIACFZKLqKEBlA==
    dependencies:
      "@types/node" "*"
      safe-buffer "~5.1.1"
  
  "@types/url-join@4.0.1":
    version "4.0.1"
    resolved "https://registry.yarnpkg.com/@types/url-join/-/url-join-4.0.1.tgz#4989c97f969464647a8586c7252d97b449cdc045"
    integrity sha512-wDXw9LEEUHyV+7UWy7U315nrJGJ7p1BzaCxDpEoLr789Dk1WDVMMlf3iBfbG2F8NdWnYyFbtTxUn2ZNbm1Q4LQ==
  
  abort-controller@^3.0.0:
    version "3.0.0"
    resolved "https://registry.yarnpkg.com/abort-controller/-/abort-controller-3.0.0.tgz#eaf54d53b62bae4138e809ca225c8439a6efb392"
    integrity sha512-h8lQ8tacZYnR3vNQTgibj+tODHI5/+l06Au2Pcriv/Gmet0eaj4TwWH41sO9wnHDiQsEj19q0drzdWdeAHtweg==
    dependencies:
      event-target-shim "^5.0.0"
  
  asynckit@^0.4.0:
    version "0.4.0"
    resolved "https://registry.yarnpkg.com/asynckit/-/asynckit-0.4.0.tgz#c79ed97f7f34cb8f2ba1bc9790bcc366474b4b79"
    integrity sha512-Oei9OH4tRh0YqU3GxhX79dM/mwVgvbZJaSNaRk+bshkj0S5cfHcgYakreBjrHwatXKbz+IoIdYLxrKim2MjW0Q==
  
  base64-js@^1.3.1:
    version "1.5.1"
    resolved "https://registry.yarnpkg.com/base64-js/-/base64-js-1.5.1.tgz#1b1b440160a5bf7ad40b650f095963481903930a"
    integrity sha512-AKpaYlHn8t4SVbOHCy+b5+KKgvR4vrsD8vbvrbiQJps7fKDTkjkDry6ji0rUJjC0kzbNePLwzxq8iypo41qeWA==
  
  buffer@^6.0.3:
    version "6.0.3"
    resolved "https://registry.yarnpkg.com/buffer/-/buffer-6.0.3.tgz#2ace578459cc8fbe2a70aaa8f52ee63b6a74c6c6"
    integrity sha512-FTiCpNxtwiZZHEZbcbTIcZjERVICn9yq/pDFkTl95/AxzD1naBctN7YO68riM/gLSDY7sdrMby8hofADYuuqOA==
    dependencies:
      base64-js "^1.3.1"
      ieee754 "^1.2.1"
  
  call-bind@^1.0.0:
    version "1.0.5"
    resolved "https://registry.yarnpkg.com/call-bind/-/call-bind-1.0.5.tgz#6fa2b7845ce0ea49bf4d8b9ef64727a2c2e2e513"
    integrity sha512-C3nQxfFZxFRVoJoGKKI8y3MOEo129NQ+FgQ08iye+Mk4zNZZGdjfs06bVTr+DBSlA66Q2VEcMki/cUCP4SercQ==
    dependencies:
      function-bind "^1.1.2"
      get-intrinsic "^1.2.1"
      set-function-length "^1.1.1"
  
  combined-stream@^1.0.8:
    version "1.0.8"
    resolved "https://registry.yarnpkg.com/combined-stream/-/combined-stream-1.0.8.tgz#c3d45a8b34fd730631a110a8a2520682b31d5a7f"
    integrity sha512-FQN4MRfuJeHf7cBbBMJFXhKSDq+2kAArBlmRBvcvFE5BB1HZKXtSFASDhdlz9zOYwxh8lDdnvmMOe/+5cdoEdg==
    dependencies:
      delayed-stream "~1.0.0"
  
  define-data-property@^1.1.1:
    version "1.1.1"
    resolved "https://registry.yarnpkg.com/define-data-property/-/define-data-property-1.1.1.tgz#c35f7cd0ab09883480d12ac5cb213715587800b3"
    integrity sha512-E7uGkTzkk1d0ByLeSc6ZsFS79Axg+m1P/VsgYsxHgiuc3tFSj+MjMIwe90FC4lOAZzNBdY7kkO2P2wKdsQ1vgQ==
    dependencies:
      get-intrinsic "^1.2.1"
      gopd "^1.0.1"
      has-property-descriptors "^1.0.0"
  
  delayed-stream@~1.0.0:
    version "1.0.0"
    resolved "https://registry.yarnpkg.com/delayed-stream/-/delayed-stream-1.0.0.tgz#df3ae199acadfb7d440aaae0b29e2272b24ec619"
    integrity sha512-ZySD7Nf91aLB0RxL4KGrKHBXl7Eds1DAmEdcoVawXnLD7SDhpNgtuII2aAkg7a7QS41jxPSZ17p4VdGnMHk3MQ==
  
  esbuild@^0.19.11:
    version "0.19.11"
    resolved "https://registry.yarnpkg.com/esbuild/-/esbuild-0.19.11.tgz#4a02dca031e768b5556606e1b468fe72e3325d96"
    integrity sha512-HJ96Hev2hX/6i5cDVwcqiJBBtuo9+FeIJOtZ9W1kA5M6AMJRHUZlpYZ1/SbEwtO0ioNAW8rUooVpC/WehY2SfA==
    optionalDependencies:
      "@esbuild/aix-ppc64" "0.19.11"
      "@esbuild/android-arm" "0.19.11"
      "@esbuild/android-arm64" "0.19.11"
      "@esbuild/android-x64" "0.19.11"
      "@esbuild/darwin-arm64" "0.19.11"
      "@esbuild/darwin-x64" "0.19.11"
      "@esbuild/freebsd-arm64" "0.19.11"
      "@esbuild/freebsd-x64" "0.19.11"
      "@esbuild/linux-arm" "0.19.11"
      "@esbuild/linux-arm64" "0.19.11"
      "@esbuild/linux-ia32" "0.19.11"
      "@esbuild/linux-loong64" "0.19.11"
      "@esbuild/linux-mips64el" "0.19.11"
      "@esbuild/linux-ppc64" "0.19.11"
      "@esbuild/linux-riscv64" "0.19.11"
      "@esbuild/linux-s390x" "0.19.11"
      "@esbuild/linux-x64" "0.19.11"
      "@esbuild/netbsd-x64" "0.19.11"
      "@esbuild/openbsd-x64" "0.19.11"
      "@esbuild/sunos-x64" "0.19.11"
      "@esbuild/win32-arm64" "0.19.11"
      "@esbuild/win32-ia32" "0.19.11"
      "@esbuild/win32-x64" "0.19.11"
  
  event-target-shim@^5.0.0:
    version "5.0.1"
    resolved "https://registry.yarnpkg.com/event-target-shim/-/event-target-shim-5.0.1.tgz#5d4d3ebdf9583d63a5333ce2deb7480ab2b05789"
    integrity sha512-i/2XbnSz/uxRCU6+NdVJgKWDTM427+MqYbkQzD321DuCQJUqOuJKIA0IM2+W2xtYHdKOmZ4dR6fExsd4SXL+WQ==
  
  events@^3.3.0:
    version "3.3.0"
    resolved "https://registry.yarnpkg.com/events/-/events-3.3.0.tgz#31a95ad0a924e2d2c419a813aeb2c4e878ea7400"
    integrity sha512-mQw+2fkQbALzQ7V0MY0IqdnXNOeTtP4r0lN9z7AAawCXgqea7bDii20AYrIBrFd/Hx0M2Ocz6S111CaFkUcb0Q==
  
  form-data@^4.0.0:
    version "4.0.0"
    resolved "https://registry.yarnpkg.com/form-data/-/form-data-4.0.0.tgz#93919daeaf361ee529584b9b31664dc12c9fa452"
    integrity sha512-ETEklSGi5t0QMZuiXoA/Q6vcnxcLQP5vdugSpuAyi6SVGi2clPPp+xgEhuMaHC+zGgn31Kd235W35f7Hykkaww==
    dependencies:
      asynckit "^0.4.0"
      combined-stream "^1.0.8"
      mime-types "^2.1.12"
  
  function-bind@^1.1.2:
    version "1.1.2"
    resolved "https://registry.yarnpkg.com/function-bind/-/function-bind-1.1.2.tgz#2c02d864d97f3ea6c8830c464cbd11ab6eab7a1c"
    integrity sha512-7XHNxH7qX9xG5mIwxkhumTox/MIRNcOgDrxWsMt2pAr23WHp6MrRlN7FBSFpCpr+oVO0F744iUgR82nJMfG2SA==
  
  get-intrinsic@^1.0.2, get-intrinsic@^1.1.3, get-intrinsic@^1.2.1, get-intrinsic@^1.2.2:
    version "1.2.2"
    resolved "https://registry.yarnpkg.com/get-intrinsic/-/get-intrinsic-1.2.2.tgz#281b7622971123e1ef4b3c90fd7539306da93f3b"
    integrity sha512-0gSo4ml/0j98Y3lngkFEot/zhiCeWsbYIlZ+uZOVgzLyLaUw7wxUL+nCTP0XJvJg1AXulJRI3UJi8GsbDuxdGA==
    dependencies:
      function-bind "^1.1.2"
      has-proto "^1.0.1"
      has-symbols "^1.0.3"
      hasown "^2.0.0"
  
  gopd@^1.0.1:
    version "1.0.1"
    resolved "https://registry.yarnpkg.com/gopd/-/gopd-1.0.1.tgz#29ff76de69dac7489b7c0918a5788e56477c332c"
    integrity sha512-d65bNlIadxvpb/A2abVdlqKqV563juRnZ1Wtk6s1sIR8uNsXR70xqIzVqxVf1eTqDunwT2MkczEeaezCKTZhwA==
    dependencies:
      get-intrinsic "^1.1.3"
  
  has-property-descriptors@^1.0.0:
    version "1.0.1"
    resolved "https://registry.yarnpkg.com/has-property-descriptors/-/has-property-descriptors-1.0.1.tgz#52ba30b6c5ec87fd89fa574bc1c39125c6f65340"
    integrity sha512-VsX8eaIewvas0xnvinAe9bw4WfIeODpGYikiWYLH+dma0Jw6KHYqWiWfhQlgOVK8D6PvjubK5Uc4P0iIhIcNVg==
    dependencies:
      get-intrinsic "^1.2.2"
  
  has-proto@^1.0.1:
    version "1.0.1"
    resolved "https://registry.yarnpkg.com/has-proto/-/has-proto-1.0.1.tgz#1885c1305538958aff469fef37937c22795408e0"
    integrity sha512-7qE+iP+O+bgF9clE5+UoBFzE65mlBiVj3tKCrlNQ0Ogwm0BjpT/gK4SlLYDMybDh5I3TCTKnPPa0oMG7JDYrhg==
  
  has-symbols@^1.0.3:
    version "1.0.3"
    resolved "https://registry.yarnpkg.com/has-symbols/-/has-symbols-1.0.3.tgz#bb7b2c4349251dce87b125f7bdf874aa7c8b39f8"
    integrity sha512-l3LCuF6MgDNwTDKkdYGEihYjt5pRPbEg46rtlmnSPlUbgmB8LOIrKJbYYFBSbnPaJexMKtiPO8hmeRjRz2Td+A==
  
  hasown@^2.0.0:
    version "2.0.0"
    resolved "https://registry.yarnpkg.com/hasown/-/hasown-2.0.0.tgz#f4c513d454a57b7c7e1650778de226b11700546c"
    integrity sha512-vUptKVTpIJhcczKBbgnS+RtcuYMB8+oNzPK2/Hp3hanz8JmpATdmmgLgSaadVREkDm+e2giHwY3ZRkyjSIDDFA==
    dependencies:
      function-bind "^1.1.2"
  
  ieee754@^1.2.1:
    version "1.2.1"
    resolved "https://registry.yarnpkg.com/ieee754/-/ieee754-1.2.1.tgz#8eb7a10a63fff25d15a57b001586d177d1b0d352"
    integrity sha512-dcyqhDvX1C46lXZcVqCpK+FtMRQVdIMN6/Df5js2zouUsqG7I6sFxitIC+7KYK29KdXOLHdu9zL4sFnoVQnqaA==
  
  js-base64@^3.7.5:
    version "3.7.5"
    resolved "https://registry.yarnpkg.com/js-base64/-/js-base64-3.7.5.tgz#21e24cf6b886f76d6f5f165bfcd69cc55b9e3fca"
    integrity sha512-3MEt5DTINKqfScXKfJFrRbxkrnk2AxPWGBL/ycjz4dK8iqiSJ06UxD8jh8xuh6p10TX4t2+7FsBYVxxQbMg+qA==
  
  mime-db@1.52.0:
    version "1.52.0"
    resolved "https://registry.yarnpkg.com/mime-db/-/mime-db-1.52.0.tgz#bbabcdc02859f4987301c856e3387ce5ec43bf70"
    integrity sha512-sPU4uV7dYlvtWJxwwxHD0PuihVNiE7TyAbQ5SWxDCB9mUYvOgroQOwYQQOKPJ8CIbE+1ETVlOoK1UC2nU3gYvg==
  
  mime-types@^2.1.12:
    version "2.1.35"
    resolved "https://registry.yarnpkg.com/mime-types/-/mime-types-2.1.35.tgz#381a871b62a734450660ae3deee44813f70d959a"
    integrity sha512-ZDY+bPm5zTTF+YpCrAU9nK0UgICYPT0QtT1NZWFv4s++TNkcgVaT0g6+4R2uI4MjQjzysHB1zxuWL50hzaeXiw==
    dependencies:
      mime-db "1.52.0"
  
  node-fetch@2:
    version "2.7.0"
    resolved "https://registry.yarnpkg.com/node-fetch/-/node-fetch-2.7.0.tgz#d0f0fa6e3e2dc1d27efcd8ad99d550bda94d187d"
    integrity sha512-c4FRfUm/dbcWZ7U+1Wq0AwCyFL+3nt2bEw05wfxSz+DWpWsitgmSgYmy2dQdWyKC1694ELPqMs/YzUSNozLt8A==
    dependencies:
      whatwg-url "^5.0.0"
  
  object-inspect@^1.9.0:
    version "1.13.1"
    resolved "https://registry.yarnpkg.com/object-inspect/-/object-inspect-1.13.1.tgz#b96c6109324ccfef6b12216a956ca4dc2ff94bc2"
    integrity sha512-5qoj1RUiKOMsCCNLV1CBiPYE10sziTsnmNxkAI/rZhiD63CF7IqdFGC/XzjWjpSgLf0LxXX3bDFIh0E18f6UhQ==
  
  prettier@2.7.1:
    version "2.7.1"
    resolved "https://registry.yarnpkg.com/prettier/-/prettier-2.7.1.tgz#e235806850d057f97bb08368a4f7d899f7760c64"
    integrity sha512-ujppO+MkdPqoVINuDFDRLClm7D78qbDt0/NR+wp5FqEZOoTNAjPHWj17QRhu7geIHJfcNhRk1XVQmF8Bp3ye+g==
  
  process@^0.11.10:
    version "0.11.10"
    resolved "https://registry.yarnpkg.com/process/-/process-0.11.10.tgz#7332300e840161bda3e69a1d1d91a7d4bc16f182"
    integrity sha512-cdGef/drWFoydD1JsMzuFf8100nZl+GT+yacc2bEced5f9Rjk4z+WtFUTBu9PhOi9j/jfmBPu0mMEY4wIdAF8A==
  
  qs@^6.11.2:
    version "6.11.2"
    resolved "https://registry.yarnpkg.com/qs/-/qs-6.11.2.tgz#64bea51f12c1f5da1bc01496f48ffcff7c69d7d9"
    integrity sha512-tDNIz22aBzCDxLtVH++VnTfzxlfeK5CbqohpSqpJgj1Wg/cQbStNAz3NuqCs5vV+pjBsK4x4pN9HlVh7rcYRiA==
    dependencies:
      side-channel "^1.0.4"
  
  readable-stream@^4.5.2:
    version "4.5.2"
    resolved "https://registry.yarnpkg.com/readable-stream/-/readable-stream-4.5.2.tgz#9e7fc4c45099baeed934bff6eb97ba6cf2729e09"
    integrity sha512-yjavECdqeZ3GLXNgRXgeQEdz9fvDDkNKyHnbHRFtOr7/LcfgBcmct7t/ET+HaCTqfh06OzoAxrkN/IfjJBVe+g==
    dependencies:
      abort-controller "^3.0.0"
      buffer "^6.0.3"
      events "^3.3.0"
      process "^0.11.10"
      string_decoder "^1.3.0"
  
  safe-buffer@~5.1.1:
    version "5.1.2"
    resolved "https://registry.yarnpkg.com/safe-buffer/-/safe-buffer-5.1.2.tgz#991ec69d296e0313747d59bdfd2b745c35f8828d"
    integrity sha512-Gd2UZBJDkXlY7GbJxfsE8/nvKkUEU1G38c1siN6QP6a9PT9MmHB8GnpscSmMJSoF8LOIrt8ud/wPtojys4G6+g==
  
  safe-buffer@~5.2.0:
    version "5.2.1"
    resolved "https://registry.yarnpkg.com/safe-buffer/-/safe-buffer-5.2.1.tgz#1eaf9fa9bdb1fdd4ec75f58f9cdb4e6b7827eec6"
    integrity sha512-rp3So07KcdmmKbGvgaNxQSJr7bGVSVk5S9Eq1F+ppbRo70+YeaDxkw5Dd8NPN+GD6bjnYm2VuPuCXmpuYvmCXQ==
  
  set-function-length@^1.1.1:
    version "1.1.1"
    resolved "https://registry.yarnpkg.com/set-function-length/-/set-function-length-1.1.1.tgz#4bc39fafb0307224a33e106a7d35ca1218d659ed"
    integrity sha512-VoaqjbBJKiWtg4yRcKBQ7g7wnGnLV3M8oLvVWwOk2PdYY6PEFegR1vezXR0tw6fZGF9csVakIRjrJiy2veSBFQ==
    dependencies:
      define-data-property "^1.1.1"
      get-intrinsic "^1.2.1"
      gopd "^1.0.1"
      has-property-descriptors "^1.0.0"
  
  side-channel@^1.0.4:
    version "1.0.4"
    resolved "https://registry.yarnpkg.com/side-channel/-/side-channel-1.0.4.tgz#efce5c8fdc104ee751b25c58d4290011fa5ea2cf"
    integrity sha512-q5XPytqFEIKHkGdiMIrY10mvLRvnQh42/+GoBlFW3b2LXLE2xxJpZFdm94we0BaoV3RwJyGqg5wS7epxTv0Zvw==
    dependencies:
      call-bind "^1.0.0"
      get-intrinsic "^1.0.2"
      object-inspect "^1.9.0"
  
  string_decoder@^1.3.0:
    version "1.3.0"
    resolved "https://registry.yarnpkg.com/string_decoder/-/string_decoder-1.3.0.tgz#42f114594a46cf1a8e30b0a84f56c78c3edac21e"
    integrity sha512-hkRX8U1WjJFd8LsDJ2yQ/wWWxaopEsABU1XfkM8A+j0+85JAGppt16cr1Whg6KIbb4okU6Mql6BOj+uup/wKeA==
    dependencies:
      safe-buffer "~5.2.0"
  
  tr46@~0.0.3:
    version "0.0.3"
    resolved "https://registry.yarnpkg.com/tr46/-/tr46-0.0.3.tgz#8184fd347dac9cdc185992f3a6622e14b9d9ab6a"
    integrity sha512-N3WMsuqV66lT30CrXNbEjx4GEwlow3v6rr4mCcv6prnfwhS01rkgyFdjPNBYd9br7LpXV1+Emh01fHnq2Gdgrw==
  
  typescript@4.6.4:
    version "4.6.4"
    resolved "https://registry.yarnpkg.com/typescript/-/typescript-4.6.4.tgz#caa78bbc3a59e6a5c510d35703f6a09877ce45e9"
    integrity sha512-9ia/jWHIEbo49HfjrLGfKbZSuWo9iTMwXO+Ca3pRsSpbsMbc7/IU8NKdCZVRRBafVPGnoJeFL76ZOAA84I9fEg==
  
  undici-types@~6.13.0:
    version "6.13.0"
    resolved "https://registry.yarnpkg.com/undici-types/-/undici-types-6.13.0.tgz#e3e79220ab8c81ed1496b5812471afd7cf075ea5"
    integrity sha512-xtFJHudx8S2DSoujjMd1WeWvn7KKWFRESZTMeL1RptAYERu29D6jphMjjY+vn96jvN3kVPDNxU/E13VTaXj6jg==
  
  url-join@^5.0.0:
    version "5.0.0"
    resolved "https://registry.yarnpkg.com/url-join/-/url-join-5.0.0.tgz#c2f1e5cbd95fa91082a93b58a1f42fecb4bdbcf1"
    integrity sha512-n2huDr9h9yzd6exQVnH/jU5mr+Pfx08LRXXZhkLLetAMESRj+anQsTAh940iMrIetKAmry9coFuZQ2jY8/p3WA==
  
  webidl-conversions@^3.0.0:
    version "3.0.1"
    resolved "https://registry.yarnpkg.com/webidl-conversions/-/webidl-conversions-3.0.1.tgz#24534275e2a7bc6be7bc86611cc16ae0a5654871"
    integrity sha512-2JAn3z8AR6rjK8Sm8orRC0h/bcl/DqL7tRPdGZ4I1CjdF+EaMLmYxBHyXuKL849eucPFhvBoxMsflfOb8kxaeQ==
  
  whatwg-url@^5.0.0:
    version "5.0.0"
    resolved "https://registry.yarnpkg.com/whatwg-url/-/whatwg-url-5.0.0.tgz#966454e8765462e37644d3626f6742ce8b70965d"
    integrity sha512-saE57nupxk6v3HY35+jzBwYa0rKSy0XR8JSxZPwgLr7ys0IBzhGviA1/TUGJLmSVqs8pb9AnvICXEuOHLprYTw==
    dependencies:
      tr46 "~0.0.3"
      webidl-conversions "^3.0.0"
